<?xml version="1.0" encoding="UTF-8"?>
<!-- Generated by org.testng.reporters.JUnitReportReporter -->
<testsuite skipped="0" hostname="admins-MacBook-Pro-2.local" name="in.licious.dataplanning_API.RM_Required_Production" tests="1" failures="0" timestamp="20 Nov 2018 02:43:48 GMT" time="107.331" errors="0">
  <testcase name="generateRM_Required_Production" time="107.331" classname="in.licious.dataplanning_API.RM_Required_Production"/>
</testsuite> <!-- in.licious.dataplanning_API.RM_Required_Production -->
