<?xml version="1.0" encoding="UTF-8"?>
<!-- Generated by org.testng.reporters.JUnitReportReporter -->
<testsuite skipped="0" hostname="admins-MBP-2" name="in.licious.dataplanning_API.RM_Required_Production3" tests="1" failures="0" timestamp="28 Nov 2018 20:09:17 GMT" time="8.148" errors="0">
  <testcase name="generateRM_Required_Production" time="8.148" classname="in.licious.dataplanning_API.RM_Required_Production3"/>
</testsuite> <!-- in.licious.dataplanning_API.RM_Required_Production3 -->
