<?xml version="1.0" encoding="UTF-8"?>
<!-- Generated by org.testng.reporters.JUnitReportReporter -->
<testsuite skipped="0" hostname="admins-MacBook-Pro-2.local" name="in.licious.dataplanning_API.BriningApi" tests="1" failures="0" timestamp="16 Nov 2018 10:00:47 GMT" time="3.749" errors="0">
  <testcase name="generatebriningPlanTest" time="3.749" classname="in.licious.dataplanning_API.BriningApi"/>
</testsuite> <!-- in.licious.dataplanning_API.BriningApi -->
