<?xml version="1.0" encoding="UTF-8"?>
<!-- Generated by org.testng.reporters.JUnitReportReporter -->
<testsuite skipped="0" hostname="admins-MacBook-Pro-2.local" name="in.licious.dataplanning_API.DemandPlanAPI" tests="1" failures="0" timestamp="16 Nov 2018 13:26:22 GMT" time="4.248" errors="0">
  <testcase name="createDemandPlan" time="4.248" classname="in.licious.dataplanning_API.DemandPlanAPI"/>
</testsuite> <!-- in.licious.dataplanning_API.DemandPlanAPI -->
