<?xml version="1.0" encoding="UTF-8"?>
<!-- Generated by org.testng.reporters.JUnitReportReporter -->
<testsuite skipped="0" hostname="admins-MacBook-Pro-2.local" name="in.licious.dataplanning_API.RM_Required_Production2" tests="1" failures="0" timestamp="20 Nov 2018 03:35:59 GMT" time="4.136" errors="1">
  <testcase name="generateRM_Required_Production" time="4.136" classname="in.licious.dataplanning_API.RM_Required_Production2">
    <error type="java.net.MalformedURLException" message="no protocol: [https://plan-es1.licious.app/_sql?sql=select+sum%28quantity_to_produce%29+from+production-plan-cluster+where+product_id+in+%28%27pr_3rkjm1v51mm%27%29+and+ck_id%3D%27ck_001%27+and+production_date%3D%272018-10-11%27, https://plan-es1.licious.app/_sql?sql=select+sum%28quantity_to_produce%29+from+production-plan-cluster+where+product_id+in+%28%27pr_8izjlf6xn0k%27%29+and+ck_id%3D%27ck_001%27+and+production_date%3D%272018-10-11%27, https://plan-es1.licious.app/_sql?sql=select+sum%28quantity_to_produce%29+from+brining-plan-cluster+where+product_id+in+%28%27pr_785jd3c1us3%27%29+and+ck_id%3D%27ck_001%27+and+production_date%3D%272018-10-11%27, https://plan-es1.licious.app/_sql?sql=select+sum%28quantity_to_produce%29+from+brining-plan-cluster+where+product_id+in+%28%27pr_ntcjmw1avau%27%29+and+ck_id%3D%27ck_001%27+and+production_date%3D%272018-10-11%27, https://plan-es1.licious.app/_sql?sql=select+sum%28quantity_to_produce%29+from+brining-plan-cluster+where+product_id+in+%28%27pr_59a6d117e3836%27%29+and+ck_id%3D%27ck_001%27+and+production_date%3D%272018-10-11%27, https://plan-es1.licious.app/_sql?sql=select+sum%28quantity_to_produce%29+from+brining-plan-cluster+where+product_id+in+%28%27pr_id9jj8pq34w%27%29+and+ck_id%3D%27ck_001%27+and+production_date%3D%272018-10-11%27, https://plan-es1.licious.app/_sql?sql=select+sum%28quantity_to_produce%29+from+brining-plan-cluster+where+product_id+in+%28%27pr_ov2jkm8fgq3%27%29+and+ck_id%3D%27ck_001%27+and+production_date%3D%272018-10-11%27]">
      <![CDATA[java.net.MalformedURLException: no protocol: [https://plan-es1.licious.app/_sql?sql=select+sum%28quantity_to_produce%29+from+production-plan-cluster+where+product_id+in+%28%27pr_3rkjm1v51mm%27%29+and+ck_id%3D%27ck_001%27+and+production_date%3D%272018-10-11%27, https://plan-es1.licious.app/_sql?sql=select+sum%28quantity_to_produce%29+from+production-plan-cluster+where+product_id+in+%28%27pr_8izjlf6xn0k%27%29+and+ck_id%3D%27ck_001%27+and+production_date%3D%272018-10-11%27, https://plan-es1.licious.app/_sql?sql=select+sum%28quantity_to_produce%29+from+brining-plan-cluster+where+product_id+in+%28%27pr_785jd3c1us3%27%29+and+ck_id%3D%27ck_001%27+and+production_date%3D%272018-10-11%27, https://plan-es1.licious.app/_sql?sql=select+sum%28quantity_to_produce%29+from+brining-plan-cluster+where+product_id+in+%28%27pr_ntcjmw1avau%27%29+and+ck_id%3D%27ck_001%27+and+production_date%3D%272018-10-11%27, https://plan-es1.licious.app/_sql?sql=select+sum%28quantity_to_produce%29+from+brining-plan-cluster+where+product_id+in+%28%27pr_59a6d117e3836%27%29+and+ck_id%3D%27ck_001%27+and+production_date%3D%272018-10-11%27, https://plan-es1.licious.app/_sql?sql=select+sum%28quantity_to_produce%29+from+brining-plan-cluster+where+product_id+in+%28%27pr_id9jj8pq34w%27%29+and+ck_id%3D%27ck_001%27+and+production_date%3D%272018-10-11%27, https://plan-es1.licious.app/_sql?sql=select+sum%28quantity_to_produce%29+from+brining-plan-cluster+where+product_id+in+%28%27pr_ov2jkm8fgq3%27%29+and+ck_id%3D%27ck_001%27+and+production_date%3D%272018-10-11%27]
	at java.net.URL.<init>(URL.java:593)
	at java.net.URL.<init>(URL.java:490)
	at java.net.URL.<init>(URL.java:439)
	at in.licious.dataplanning_API.RM_Required_Production2.generateRM_Required_Production(RM_Required_Production2.java:136)
	at sun.reflect.NativeMethodAccessorImpl.invoke0(Native Method)
	at sun.reflect.NativeMethodAccessorImpl.invoke(NativeMethodAccessorImpl.java:62)
	at sun.reflect.DelegatingMethodAccessorImpl.invoke(DelegatingMethodAccessorImpl.java:43)
	at java.lang.reflect.Method.invoke(Method.java:498)
	at org.testng.internal.MethodInvocationHelper.invokeMethod(MethodInvocationHelper.java:108)
	at org.testng.internal.Invoker.invokeMethod(Invoker.java:661)
	at org.testng.internal.Invoker.invokeTestMethod(Invoker.java:869)
	at org.testng.internal.Invoker.invokeTestMethods(Invoker.java:1193)
	at org.testng.internal.TestMethodWorker.invokeTestMethods(TestMethodWorker.java:126)
	at org.testng.internal.TestMethodWorker.run(TestMethodWorker.java:109)
	at org.testng.TestRunner.privateRun(TestRunner.java:744)
	at org.testng.TestRunner.run(TestRunner.java:602)
	at org.testng.SuiteRunner.runTest(SuiteRunner.java:380)
	at org.testng.SuiteRunner.runSequentially(SuiteRunner.java:375)
	at org.testng.SuiteRunner.privateRun(SuiteRunner.java:340)
	at org.testng.SuiteRunner.run(SuiteRunner.java:289)
	at org.testng.SuiteRunnerWorker.runSuite(SuiteRunnerWorker.java:52)
	at org.testng.SuiteRunnerWorker.run(SuiteRunnerWorker.java:86)
	at org.testng.TestNG.runSuitesSequentially(TestNG.java:1301)
	at org.testng.TestNG.runSuitesLocally(TestNG.java:1226)
	at org.testng.TestNG.runSuites(TestNG.java:1144)
	at org.testng.TestNG.run(TestNG.java:1115)
	at org.testng.remote.AbstractRemoteTestNG.run(AbstractRemoteTestNG.java:114)
	at org.testng.remote.RemoteTestNG.initAndRun(RemoteTestNG.java:251)
	at org.testng.remote.RemoteTestNG.main(RemoteTestNG.java:77)
]]>
    </error>
  </testcase> <!-- generateRM_Required_Production -->
</testsuite> <!-- in.licious.dataplanning_API.RM_Required_Production2 -->
