<?xml version="1.0" encoding="UTF-8"?>
<!-- Generated by org.testng.reporters.JUnitReportReporter -->
<testsuite skipped="0" hostname="Vishwa" name="in.licious.dataplanning.Compare_DB" tests="1" failures="0" timestamp="04 Nov 2018 04:26:04 GMT" time="9.563" errors="0">
  <testcase name="compareData" time="9.563" classname="in.licious.dataplanning.Compare_DB"/>
</testsuite> <!-- in.licious.dataplanning.Compare_DB -->
