<?xml version="1.0" encoding="UTF-8"?>
<!-- Generated by org.testng.reporters.JUnitReportReporter -->
<testsuite skipped="0" hostname="liciouss-MacBook-Air-2.local" name="dataplanning_api.UpdateActualsAndLossSaleToDemandPlanAPI" tests="1" failures="0" timestamp="27 Oct 2018 09:42:44 GMT" time="2.788" errors="0">
  <testcase name="updateActualsAndLossSaleToDemandPlanTest" time="2.788" classname="dataplanning_api.UpdateActualsAndLossSaleToDemandPlanAPI"/>
</testsuite> <!-- dataplanning_api.UpdateActualsAndLossSaleToDemandPlanAPI -->
