<?xml version="1.0" encoding="UTF-8"?>
<!-- Generated by org.testng.reporters.JUnitReportReporter -->
<testsuite skipped="0" hostname="liciouss-Air-2" name="dataplanning.TestApi" tests="6" failures="0" timestamp="22 Oct 2018 19:23:32 GMT" time="8.698" errors="0">
  <testcase name="test4" time="0.840" classname="dataplanning.TestApi"/>
  <testcase name="test2" time="1.663" classname="dataplanning.TestApi"/>
  <testcase name="test1" time="3.414" classname="dataplanning.TestApi"/>
  <testcase name="test5" time="1.840" classname="dataplanning.TestApi"/>
  <testcase name="test3" time="0.792" classname="dataplanning.TestApi"/>
  <testcase name="logintest" time="0.149" classname="dataplanning.TestApi"/>
</testsuite> <!-- dataplanning.TestApi -->
